ts=2024-11-11T08:31:40.235Z caller=node_exporter.go:180 level=info msg="Starting node_exporter" version="(version=1.5.0, branch=debian/sid, revision=1.5.0-1+b6)"
ts=2024-11-11T08:31:40.236Z caller=node_exporter.go:181 level=info msg="Build context" build_context="(go=go1.19.8, platform=linux/amd64, user=team+pkg-go@tracker.debian.org, date=20230409-10:11:09)"
ts=2024-11-11T08:31:40.236Z caller=node_exporter.go:183 level=warn msg="Node Exporter is running as root user. This exporter is designed to run as unprivileged user, root is not required."
ts=2024-11-11T08:31:40.237Z caller=netdev_common.go:61 level=info collector=netdev msg="Parsed flag --collector.netdev.device-exclude" flag=^lo$
ts=2024-11-11T08:31:40.237Z caller=systemd_linux.go:133 level=info collector=systemd msg="Parsed flag --collector.systemd.unit-include" flag=.+
ts=2024-11-11T08:31:40.237Z caller=systemd_linux.go:135 level=info collector=systemd msg="Parsed flag --collector.systemd.unit-exclude" flag=.+\.(automount|device|mount|scope|slice|target)
ts=2024-11-11T08:31:40.238Z caller=diskstats_common.go:111 level=info collector=diskstats msg="Parsed flag --collector.diskstats.device-exclude" flag=^(ram|loop|fd|(h|s|v|xv)d[a-z]|nvme\d+n\d+p)\d+$
ts=2024-11-11T08:31:40.238Z caller=diskstats_linux.go:264 level=error collector=diskstats msg="Failed to open directory, disabling udev device properties" path=/run/udev/data
ts=2024-11-11T08:31:40.239Z caller=filesystem_common.go:111 level=info collector=filesystem msg="Parsed flag --collector.filesystem.mount-points-exclude" flag=^/(dev|proc|run|sys|mnt|media|var/lib/docker/.+|var/lib/containers/storage/.+)($|/)
ts=2024-11-11T08:31:40.239Z caller=filesystem_common.go:113 level=info collector=filesystem msg="Parsed flag --collector.filesystem.fs-types-exclude" flag=^(autofs|binfmt_misc|bpf|cgroup2?|configfs|debugfs|devpts|devtmpfs|fusectl|hugetlbfs|iso9660|mqueue|nsfs|overlay|proc|procfs|pstore|rpc_pipefs|securityfs|selinuxfs|squashfs|sysfs|tracefs)$
ts=2024-11-11T08:31:40.239Z caller=node_exporter.go:110 level=info msg="Enabled collectors"
ts=2024-11-11T08:31:40.239Z caller=node_exporter.go:117 level=info collector=arp
ts=2024-11-11T08:31:40.240Z caller=node_exporter.go:117 level=info collector=bcache
ts=2024-11-11T08:31:40.240Z caller=node_exporter.go:117 level=info collector=bonding
ts=2024-11-11T08:31:40.240Z caller=node_exporter.go:117 level=info collector=btrfs
ts=2024-11-11T08:31:40.240Z caller=node_exporter.go:117 level=info collector=conntrack
ts=2024-11-11T08:31:40.240Z caller=node_exporter.go:117 level=info collector=cpu
ts=2024-11-11T08:31:40.241Z caller=node_exporter.go:117 level=info collector=cpufreq
ts=2024-11-11T08:31:40.241Z caller=node_exporter.go:117 level=info collector=diskstats
ts=2024-11-11T08:31:40.241Z caller=node_exporter.go:117 level=info collector=dmi
ts=2024-11-11T08:31:40.241Z caller=node_exporter.go:117 level=info collector=edac
ts=2024-11-11T08:31:40.241Z caller=node_exporter.go:117 level=info collector=entropy
ts=2024-11-11T08:31:40.241Z caller=node_exporter.go:117 level=info collector=fibrechannel
ts=2024-11-11T08:31:40.242Z caller=node_exporter.go:117 level=info collector=filefd
ts=2024-11-11T08:31:40.242Z caller=node_exporter.go:117 level=info collector=filesystem
ts=2024-11-11T08:31:40.242Z caller=node_exporter.go:117 level=info collector=hwmon
ts=2024-11-11T08:31:40.242Z caller=node_exporter.go:117 level=info collector=infiniband
ts=2024-11-11T08:31:40.242Z caller=node_exporter.go:117 level=info collector=ipvs
ts=2024-11-11T08:31:40.243Z caller=node_exporter.go:117 level=info collector=loadavg
ts=2024-11-11T08:31:40.243Z caller=node_exporter.go:117 level=info collector=mdadm
ts=2024-11-11T08:31:40.243Z caller=node_exporter.go:117 level=info collector=meminfo
ts=2024-11-11T08:31:40.243Z caller=node_exporter.go:117 level=info collector=netclass
ts=2024-11-11T08:31:40.243Z caller=node_exporter.go:117 level=info collector=netdev
ts=2024-11-11T08:31:40.243Z caller=node_exporter.go:117 level=info collector=netstat
ts=2024-11-11T08:31:40.244Z caller=node_exporter.go:117 level=info collector=nfs
ts=2024-11-11T08:31:40.244Z caller=node_exporter.go:117 level=info collector=nfsd
ts=2024-11-11T08:31:40.244Z caller=node_exporter.go:117 level=info collector=nvme
ts=2024-11-11T08:31:40.244Z caller=node_exporter.go:117 level=info collector=os
ts=2024-11-11T08:31:40.244Z caller=node_exporter.go:117 level=info collector=powersupplyclass
ts=2024-11-11T08:31:40.244Z caller=node_exporter.go:117 level=info collector=pressure
ts=2024-11-11T08:31:40.245Z caller=node_exporter.go:117 level=info collector=rapl
ts=2024-11-11T08:31:40.245Z caller=node_exporter.go:117 level=info collector=schedstat
ts=2024-11-11T08:31:40.245Z caller=node_exporter.go:117 level=info collector=selinux
ts=2024-11-11T08:31:40.245Z caller=node_exporter.go:117 level=info collector=sockstat
ts=2024-11-11T08:31:40.245Z caller=node_exporter.go:117 level=info collector=softnet
ts=2024-11-11T08:31:40.246Z caller=node_exporter.go:117 level=info collector=stat
ts=2024-11-11T08:31:40.246Z caller=node_exporter.go:117 level=info collector=systemd
ts=2024-11-11T08:31:40.246Z caller=node_exporter.go:117 level=info collector=tapestats
ts=2024-11-11T08:31:40.246Z caller=node_exporter.go:117 level=info collector=textfile
ts=2024-11-11T08:31:40.246Z caller=node_exporter.go:117 level=info collector=thermal_zone
ts=2024-11-11T08:31:40.246Z caller=node_exporter.go:117 level=info collector=time
ts=2024-11-11T08:31:40.247Z caller=node_exporter.go:117 level=info collector=timex
ts=2024-11-11T08:31:40.247Z caller=node_exporter.go:117 level=info collector=udp_queues
ts=2024-11-11T08:31:40.247Z caller=node_exporter.go:117 level=info collector=uname
ts=2024-11-11T08:31:40.247Z caller=node_exporter.go:117 level=info collector=vmstat
ts=2024-11-11T08:31:40.247Z caller=node_exporter.go:117 level=info collector=xfs
ts=2024-11-11T08:31:40.248Z caller=node_exporter.go:117 level=info collector=zfs
ts=2024-11-11T08:31:40.248Z caller=tls_config.go:232 level=info msg="Listening on" address=[::]:9100
ts=2024-11-11T08:31:40.248Z caller=tls_config.go:235 level=info msg="TLS is disabled." http2=false address=[::]:9100
ts=2024-11-11T08:31:46.105Z caller=collector.go:169 level=error msg="collector failed" name=systemd duration_seconds=5.2431e-05 err="couldn't get dbus connection: dial unix /run/systemd/private: connect: no such file or directory"
ts=2024-11-11T08:32:01.103Z caller=collector.go:169 level=error msg="collector failed" name=systemd duration_seconds=4.5431e-05 err="couldn't get dbus connection: dial unix /run/systemd/private: connect: no such file or directory"
ts=2024-11-11T08:32:16.102Z caller=collector.go:169 level=error msg="collector failed" name=systemd duration_seconds=5.0551e-05 err="couldn't get dbus connection: dial unix /run/systemd/private: connect: no such file or directory"
ts=2024-11-11T08:32:31.102Z caller=collector.go:169 level=error msg="collector failed" name=systemd duration_seconds=5.2701e-05 err="couldn't get dbus connection: dial unix /run/systemd/private: connect: no such file or directory"
ts=2024-11-11T08:32:46.106Z caller=collector.go:169 level=error msg="collector failed" name=systemd duration_seconds=4.146e-05 err="couldn't get dbus connection: dial unix /run/systemd/private: connect: no such file or directory"
ts=2024-11-11T08:33:01.100Z caller=collector.go:169 level=error msg="collector failed" name=systemd duration_seconds=6.2121e-05 err="couldn't get dbus connection: dial unix /run/systemd/private: connect: no such file or directory"
ts=2024-11-11T08:33:16.108Z caller=collector.go:169 level=error msg="collector failed" name=systemd duration_seconds=4.785e-05 err="couldn't get dbus connection: dial unix /run/systemd/private: connect: no such file or directory"
